Apr 28 16:02:41 faucet INFO     version 1.9.38
Apr 28 16:02:41 faucet INFO     Reloading configuration
Apr 28 16:02:41 faucet INFO     configuration /etc/faucet/faucet.yaml changed, analyzing differences
Apr 28 16:02:41 faucet ERROR    New config bad (DP switch-1: L2 timeout must be > ARP timeout * 2) - rejecting
Apr 28 16:05:15 faucet INFO     version 1.9.38
Apr 28 16:05:15 faucet INFO     Reloading configuration
Apr 28 16:05:15 faucet INFO     configuration /etc/faucet/faucet.yaml changed, analyzing differences
Apr 28 16:05:15 faucet INFO     Add new datapath DPID 1 (0x1)
Apr 28 16:05:15 faucet.valve INFO     DPID 1 (0x1) switch-1 table ID 0 table config match_types: (('eth_dst', True), ('eth_type', False), ('in_port', False), ('vlan_vid', False)) name: vlan next_tables: ['eth_src'] output: True set_fields: ('vlan_vid',) size: 32 vlan_port_scale: 1.5
Apr 28 16:05:15 faucet.valve INFO     DPID 1 (0x1) switch-1 table ID 1 table config match_types: (('eth_dst', True), ('eth_src', False), ('eth_type', False), ('in_port', False), ('vlan_vid', False)) miss_goto: eth_dst name: eth_src next_tables: ['eth_dst', 'flood'] output: True set_fields: ('vlan_vid', 'eth_dst') size: 64 table_id: 1 vlan_port_scale: 4.1
Apr 28 16:05:15 faucet.valve INFO     DPID 1 (0x1) switch-1 table ID 2 table config exact_match: True match_types: (('eth_dst', False), ('vlan_vid', False)) miss_goto: flood name: eth_dst output: True size: 64 table_id: 2 vlan_port_scale: 4.1
Apr 28 16:05:15 faucet.valve INFO     DPID 1 (0x1) switch-1 table ID 3 table config match_types: (('eth_dst', True), ('in_port', False), ('vlan_vid', False)) name: flood output: True size: 64 table_id: 3 vlan_scale: 16
Apr 28 16:06:35 faucet INFO     version 1.9.38
Apr 28 16:06:35 faucet INFO     Reloading configuration
Apr 28 16:06:35 faucet INFO     configuration /etc/faucet/faucet.yaml changed, analyzing differences
Apr 28 16:06:35 faucet INFO     Add new datapath DPID 1 (0x1)
Apr 28 16:06:35 faucet.valve INFO     DPID 1 (0x1) switch-1 table ID 0 table config match_types: (('eth_dst', True), ('eth_type', False), ('in_port', False), ('vlan_vid', False)) name: vlan next_tables: ['eth_src'] output: True set_fields: ('vlan_vid',) size: 32 vlan_port_scale: 1.5
Apr 28 16:06:35 faucet.valve INFO     DPID 1 (0x1) switch-1 table ID 1 table config match_types: (('eth_dst', True), ('eth_src', False), ('eth_type', False), ('in_port', False), ('vlan_vid', False)) miss_goto: eth_dst name: eth_src next_tables: ['eth_dst', 'flood'] output: True set_fields: ('vlan_vid', 'eth_dst') size: 32 table_id: 1 vlan_port_scale: 4.1
Apr 28 16:06:35 faucet.valve INFO     DPID 1 (0x1) switch-1 table ID 2 table config exact_match: True match_types: (('eth_dst', False), ('vlan_vid', False)) miss_goto: flood name: eth_dst output: True size: 32 table_id: 2 vlan_port_scale: 4.1
Apr 28 16:06:35 faucet.valve INFO     DPID 1 (0x1) switch-1 table ID 3 table config match_types: (('eth_dst', True), ('in_port', False), ('vlan_vid', False)) name: flood output: True size: 32 table_id: 3 vlan_scale: 16
Apr 28 16:52:42 faucet.valve INFO     DPID 1 (0x1) switch-1 Cold start configuring DP
Apr 28 16:52:42 faucet.valve INFO     DPID 1 (0x1) switch-1 Configuring VLAN 100 vid:100 untagged: Port 1,Port 2
