[1] 16/3/2020 -- 12:52:43 - (suricata.c:1083) <Notice> (LogVersion) -- This is Suricata version 5.0.2 RELEASE running in SYSTEM mode
[1] 16/3/2020 -- 12:52:43 - (util-cpu.c:171) <Info> (UtilCpuPrintSummary) -- CPUs/cores online: 4
[1] 16/3/2020 -- 12:52:43 - (util-ioctl.c:111) <Info> (GetIfaceMTU) -- Found an MTU of 1500 for 'wlan0'
[1] 16/3/2020 -- 12:52:43 - (util-ioctl.c:111) <Info> (GetIfaceMTU) -- Found an MTU of 1500 for 'wlan0'
[1] 16/3/2020 -- 12:52:43 - (util-privs.c:94) <Info> (SCDropMainThreadCaps) -- dropped the caps for main thread
[1] 16/3/2020 -- 12:52:43 - (util-logopenfile.c:473) <Info> (SCConfLogOpenGeneric) -- fast output device (regular) initialized: fast.log
[1] 16/3/2020 -- 12:52:43 - (util-logopenfile.c:473) <Info> (SCConfLogOpenGeneric) -- eve-log output device (regular) initialized: eve.json
[1] 16/3/2020 -- 12:52:43 - (util-logopenfile.c:473) <Info> (SCConfLogOpenGeneric) -- stats output device (regular) initialized: stats.log
[1] 16/3/2020 -- 12:52:43 - (util-conf.c:162) <Info> (ConfUnixSocketIsEnable) -- Running in live mode, activating unix socket
[1] 16/3/2020 -- 12:52:48 - (detect-engine-loader.c:352) <Info> (SigLoadSignatures) -- 1 rule files processed. 19810 rules successfully loaded, 0 rules failed
[1] 16/3/2020 -- 12:52:48 - (util-threshold-config.c:1126) <Info> (SCThresholdConfParseFile) -- Threshold config parsed: 0 rule(s) found
[1] 16/3/2020 -- 12:52:48 - (detect-engine-build.c:1412) <Info> (SigAddressPrepareStage1) -- 19813 signatures processed. 1086 are IP-only rules, 3866 are inspecting packet payload, 14631 inspect application layer, 103 are decoder event only
[1] 16/3/2020 -- 12:53:12 - (util-ioctl.c:322) <Warning> (SetEthtoolValue) -- [ERRCODE: SC_ERR_SYSCALL(50)] - Failure when trying to set feature via ioctl for 'wlan0': Operation not supported (95)
[1] 16/3/2020 -- 12:53:12 - (util-runmodes.c:297) <Info> (RunModeSetLiveCaptureWorkersForDevice) -- Going to use 4 thread(s)
[1] 16/3/2020 -- 12:53:12 - (util-conf.c:162) <Info> (ConfUnixSocketIsEnable) -- Running in live mode, activating unix socket
[1] 16/3/2020 -- 12:53:12 - (unix-manager.c:132) <Info> (UnixNew) -- Using unix socket file '/var/run/suricata/suricata-command.socket'
[1] 16/3/2020 -- 12:53:12 - (tm-threads.c:2169) <Notice> (TmThreadWaitOnThreadInit) -- all 4 packet processing threads, 4 management threads initialized, engine started.
[32] 16/3/2020 -- 12:53:12 - (source-af-packet.c:515) <Info> (AFPPeersListReachedInc) -- All AFP capture threads are running.
[1] 16/3/2020 -- 14:40:12 - (suricata.c:2916) <Notice> (SuricataMainLoop) -- Signal Received.  Stopping engine.
[1] 16/3/2020 -- 14:40:12 - (suricata.c:1103) <Info> (SCPrintElapsedTime) -- time elapsed 6420.083s
[1] 16/3/2020 -- 14:40:12 - (counters.c:853) <Info> (StatsLogSummary) -- Alerts: 703
[1] 16/3/2020 -- 14:40:12 - (detect-engine-build.c:1716) <Info> (SigAddressCleanupStage1) -- cleaning up signature grouping structure... complete
[1] 16/3/2020 -- 14:40:12 - (util-device.c:355) <Notice> (LiveDeviceListClean) -- Stats for 'wlan0':  pkts: 625910, drop: 147 (0.02%), invalid chksum: 0
[1] 16/3/2020 -- 14:40:12 - (util-ioctl.c:322) <Warning> (SetEthtoolValue) -- [ERRCODE: SC_ERR_SYSCALL(50)] - Failure when trying to set feature via ioctl for 'wlan0': Operation not supported (95)
[1] 16/3/2020 -- 18:46:50 - (suricata.c:1083) <Notice> (LogVersion) -- This is Suricata version 5.0.2 RELEASE running in SYSTEM mode
[1] 16/3/2020 -- 18:46:50 - (util-cpu.c:171) <Info> (UtilCpuPrintSummary) -- CPUs/cores online: 4
[1] 16/3/2020 -- 18:46:50 - (util-ioctl.c:111) <Info> (GetIfaceMTU) -- Found an MTU of 1500 for 'wlan0'
[1] 16/3/2020 -- 18:46:50 - (util-ioctl.c:111) <Info> (GetIfaceMTU) -- Found an MTU of 1500 for 'wlan0'
[1] 16/3/2020 -- 18:46:50 - (util-privs.c:94) <Info> (SCDropMainThreadCaps) -- dropped the caps for main thread
[1] 16/3/2020 -- 18:46:50 - (util-logopenfile.c:473) <Info> (SCConfLogOpenGeneric) -- fast output device (regular) initialized: fast.log
[1] 16/3/2020 -- 18:46:50 - (util-logopenfile.c:473) <Info> (SCConfLogOpenGeneric) -- eve-log output device (regular) initialized: eve.json
[1] 16/3/2020 -- 18:46:50 - (util-logopenfile.c:473) <Info> (SCConfLogOpenGeneric) -- stats output device (regular) initialized: stats.log
[1] 16/3/2020 -- 18:46:50 - (util-conf.c:162) <Info> (ConfUnixSocketIsEnable) -- Running in live mode, activating unix socket
[1] 16/3/2020 -- 18:46:55 - (detect-engine-loader.c:352) <Info> (SigLoadSignatures) -- 1 rule files processed. 19810 rules successfully loaded, 0 rules failed
[1] 16/3/2020 -- 18:46:55 - (util-threshold-config.c:1126) <Info> (SCThresholdConfParseFile) -- Threshold config parsed: 0 rule(s) found
[1] 16/3/2020 -- 18:46:56 - (detect-engine-build.c:1412) <Info> (SigAddressPrepareStage1) -- 19813 signatures processed. 1086 are IP-only rules, 3866 are inspecting packet payload, 14631 inspect application layer, 103 are decoder event only
[1] 16/3/2020 -- 18:47:18 - (util-ioctl.c:322) <Warning> (SetEthtoolValue) -- [ERRCODE: SC_ERR_SYSCALL(50)] - Failure when trying to set feature via ioctl for 'wlan0': Operation not supported (95)
[1] 16/3/2020 -- 18:47:18 - (util-runmodes.c:297) <Info> (RunModeSetLiveCaptureWorkersForDevice) -- Going to use 4 thread(s)
[1] 16/3/2020 -- 18:47:18 - (util-conf.c:162) <Info> (ConfUnixSocketIsEnable) -- Running in live mode, activating unix socket
[1] 16/3/2020 -- 18:47:18 - (unix-manager.c:132) <Info> (UnixNew) -- Using unix socket file '/var/run/suricata/suricata-command.socket'
[1] 16/3/2020 -- 18:47:18 - (tm-threads.c:2169) <Notice> (TmThreadWaitOnThreadInit) -- all 4 packet processing threads, 4 management threads initialized, engine started.
[1] 16/3/2020 -- 18:47:18 - (suricata.c:2916) <Notice> (SuricataMainLoop) -- Signal Received.  Stopping engine.
[29] 16/3/2020 -- 18:47:18 - (source-af-packet.c:515) <Info> (AFPPeersListReachedInc) -- All AFP capture threads are running.
[1] 16/3/2020 -- 18:47:18 - (suricata.c:1103) <Info> (SCPrintElapsedTime) -- time elapsed 0.350s
[1] 16/3/2020 -- 18:47:18 - (counters.c:853) <Info> (StatsLogSummary) -- Alerts: 0
[1] 16/3/2020 -- 18:47:18 - (detect-engine-build.c:1716) <Info> (SigAddressCleanupStage1) -- cleaning up signature grouping structure... complete
[1] 16/3/2020 -- 18:47:19 - (util-device.c:355) <Notice> (LiveDeviceListClean) -- Stats for 'wlan0':  pkts: 0, drop: 0 (-nan%), invalid chksum: 0
[1] 16/3/2020 -- 18:47:19 - (util-ioctl.c:322) <Warning> (SetEthtoolValue) -- [ERRCODE: SC_ERR_SYSCALL(50)] - Failure when trying to set feature via ioctl for 'wlan0': Operation not supported (95)
[1] 16/3/2020 -- 18:47:26 - (suricata.c:1083) <Notice> (LogVersion) -- This is Suricata version 5.0.2 RELEASE running in SYSTEM mode
[1] 16/3/2020 -- 18:47:26 - (util-cpu.c:171) <Info> (UtilCpuPrintSummary) -- CPUs/cores online: 4
[1] 16/3/2020 -- 18:47:26 - (util-ioctl.c:111) <Info> (GetIfaceMTU) -- Found an MTU of 1500 for 'wlan0'
[1] 16/3/2020 -- 18:47:26 - (util-ioctl.c:111) <Info> (GetIfaceMTU) -- Found an MTU of 1500 for 'wlan0'
[1] 16/3/2020 -- 18:47:26 - (util-privs.c:94) <Info> (SCDropMainThreadCaps) -- dropped the caps for main thread
[1] 16/3/2020 -- 18:47:26 - (util-logopenfile.c:473) <Info> (SCConfLogOpenGeneric) -- fast output device (regular) initialized: fast.log
[1] 16/3/2020 -- 18:47:26 - (util-logopenfile.c:473) <Info> (SCConfLogOpenGeneric) -- eve-log output device (regular) initialized: eve.json
[1] 16/3/2020 -- 18:47:26 - (util-logopenfile.c:473) <Info> (SCConfLogOpenGeneric) -- stats output device (regular) initialized: stats.log
[1] 16/3/2020 -- 18:47:26 - (util-conf.c:162) <Info> (ConfUnixSocketIsEnable) -- Running in live mode, activating unix socket
[1] 16/3/2020 -- 18:47:31 - (detect-engine-loader.c:352) <Info> (SigLoadSignatures) -- 1 rule files processed. 19810 rules successfully loaded, 0 rules failed
[1] 16/3/2020 -- 18:47:31 - (util-threshold-config.c:1126) <Info> (SCThresholdConfParseFile) -- Threshold config parsed: 0 rule(s) found
[1] 16/3/2020 -- 18:47:31 - (detect-engine-build.c:1412) <Info> (SigAddressPrepareStage1) -- 19813 signatures processed. 1086 are IP-only rules, 3866 are inspecting packet payload, 14631 inspect application layer, 103 are decoder event only
[1] 16/3/2020 -- 18:47:54 - (util-ioctl.c:322) <Warning> (SetEthtoolValue) -- [ERRCODE: SC_ERR_SYSCALL(50)] - Failure when trying to set feature via ioctl for 'wlan0': Operation not supported (95)
[1] 16/3/2020 -- 18:47:54 - (util-runmodes.c:297) <Info> (RunModeSetLiveCaptureWorkersForDevice) -- Going to use 4 thread(s)
[1] 16/3/2020 -- 18:47:54 - (util-conf.c:162) <Info> (ConfUnixSocketIsEnable) -- Running in live mode, activating unix socket
[1] 16/3/2020 -- 18:47:54 - (unix-manager.c:132) <Info> (UnixNew) -- Using unix socket file '/var/run/suricata/suricata-command.socket'
[1] 16/3/2020 -- 18:47:54 - (tm-threads.c:2169) <Notice> (TmThreadWaitOnThreadInit) -- all 4 packet processing threads, 4 management threads initialized, engine started.
[32] 16/3/2020 -- 18:47:54 - (source-af-packet.c:515) <Info> (AFPPeersListReachedInc) -- All AFP capture threads are running.
[1] 16/3/2020 -- 21:28:43 - (suricata.c:2916) <Notice> (SuricataMainLoop) -- Signal Received.  Stopping engine.
[1] 16/3/2020 -- 21:28:43 - (suricata.c:1103) <Info> (SCPrintElapsedTime) -- time elapsed 9649.321s
[1] 16/3/2020 -- 21:28:44 - (counters.c:853) <Info> (StatsLogSummary) -- Alerts: 0
[1] 16/3/2020 -- 21:28:44 - (detect-engine-build.c:1716) <Info> (SigAddressCleanupStage1) -- cleaning up signature grouping structure... complete
[1] 16/3/2020 -- 21:28:44 - (util-device.c:355) <Notice> (LiveDeviceListClean) -- Stats for 'wlan0':  pkts: 22644, drop: 0 (0.00%), invalid chksum: 0
[1] 16/3/2020 -- 21:28:44 - (util-ioctl.c:322) <Warning> (SetEthtoolValue) -- [ERRCODE: SC_ERR_SYSCALL(50)] - Failure when trying to set feature via ioctl for 'wlan0': Operation not supported (95)
30/3/2020 -- 12:47:48 - <Notice> - This is Suricata version 5.0.0 RELEASE running in SYSTEM mode
30/3/2020 -- 12:47:48 - <Info> - CPUs/cores online: 4
30/3/2020 -- 12:47:48 - <Info> - eve-log output device (regular) initialized: eve.json
30/3/2020 -- 12:47:48 - <Info> - Going to log the md5 sum of email body
30/3/2020 -- 12:47:48 - <Info> - Going to log the md5 sum of email subject
30/3/2020 -- 12:47:48 - <Info> - DNP3 log sub-module initialized.
30/3/2020 -- 12:47:48 - <Info> - DNP3 log sub-module initialized.
30/3/2020 -- 12:47:48 - <Error> - [ERRCODE: SC_ERR_STATS_LOG_GENERIC(278)] - eve.stats: stats are disabled globally: set stats.enabled to true. See https://suricata.readthedocs.io/en/suricata-5.0.0/configuration/suricata-yaml.html#stats
30/3/2020 -- 12:47:49 - <Info> - Rule with ID 2026440 is bidirectional, but source and destination are the same, treating the rule as unidirectional
30/3/2020 -- 12:47:50 - <Info> - 61 rule files processed. 26716 rules successfully loaded, 0 rules failed
30/3/2020 -- 12:47:50 - <Info> - Threshold config parsed: 0 rule(s) found
30/3/2020 -- 12:47:50 - <Info> - 26731 signatures processed. 1214 are IP-only rules, 7075 are inspecting packet payload, 18027 inspect application layer, 107 are decoder event only
30/3/2020 -- 12:47:50 - <Warning> - [ERRCODE: SC_WARN_FLOWBIT(306)] - flowbit 'ET.ButterflyJoin' is checked but not set. Checked in 2011296 and 0 other sigs
30/3/2020 -- 12:47:50 - <Warning> - [ERRCODE: SC_WARN_FLOWBIT(306)] - flowbit 'ET.Netwire.HB.1' is checked but not set. Checked in 2018282 and 0 other sigs
30/3/2020 -- 12:47:50 - <Warning> - [ERRCODE: SC_WARN_FLOWBIT(306)] - flowbit 'ET.GenericPhish_Adobe' is checked but not set. Checked in 2023048 and 0 other sigs
30/3/2020 -- 12:47:50 - <Warning> - [ERRCODE: SC_WARN_FLOWBIT(306)] - flowbit 'BE.Radmin.Challenge' is checked but not set. Checked in 2003480 and 0 other sigs
30/3/2020 -- 12:48:03 - <Warning> - [ERRCODE: SC_ERR_SYSCALL(50)] - Failure when trying to set feature via ioctl for 'wlan0': Not supported (95)
30/3/2020 -- 12:48:03 - <Info> - Going to use 4 thread(s)
30/3/2020 -- 12:48:03 - <Notice> - all 4 packet processing threads, 2 management threads initialized, engine started.
30/3/2020 -- 12:48:03 - <Info> - All AFP capture threads are running.
30/3/2020 -- 12:52:05 - <Notice> - Signal Received.  Stopping engine.
30/3/2020 -- 12:52:05 - <Info> - time elapsed 242.529s
30/3/2020 -- 12:52:06 - <Info> - Alerts: 0
30/3/2020 -- 12:52:06 - <Info> - cleaning up signature grouping structure... complete
30/3/2020 -- 12:52:06 - <Notice> - Stats for 'wlan0':  pkts: 2294, drop: 0 (0.00%), invalid chksum: 0
30/3/2020 -- 12:52:06 - <Warning> - [ERRCODE: SC_ERR_SYSCALL(50)] - Failure when trying to set feature via ioctl for 'wlan0': Not supported (95)
30/3/2020 -- 12:53:24 - <Notice> - This is Suricata version 5.0.0 RELEASE running in SYSTEM mode
30/3/2020 -- 12:53:24 - <Info> - CPUs/cores online: 4
30/3/2020 -- 12:53:24 - <Info> - eve-log output device (regular) initialized: eve.json
30/3/2020 -- 12:53:24 - <Info> - Going to log the md5 sum of email body
30/3/2020 -- 12:53:24 - <Info> - Going to log the md5 sum of email subject
30/3/2020 -- 12:53:24 - <Info> - DNP3 log sub-module initialized.
30/3/2020 -- 12:53:24 - <Info> - DNP3 log sub-module initialized.
30/3/2020 -- 12:53:25 - <Info> - Rule with ID 2026440 is bidirectional, but source and destination are the same, treating the rule as unidirectional
30/3/2020 -- 12:53:26 - <Info> - 61 rule files processed. 26716 rules successfully loaded, 0 rules failed
30/3/2020 -- 12:53:26 - <Info> - Threshold config parsed: 0 rule(s) found
30/3/2020 -- 12:53:26 - <Info> - 26731 signatures processed. 1214 are IP-only rules, 7075 are inspecting packet payload, 18027 inspect application layer, 107 are decoder event only
30/3/2020 -- 12:53:26 - <Warning> - [ERRCODE: SC_WARN_FLOWBIT(306)] - flowbit 'ET.ButterflyJoin' is checked but not set. Checked in 2011296 and 0 other sigs
30/3/2020 -- 12:53:26 - <Warning> - [ERRCODE: SC_WARN_FLOWBIT(306)] - flowbit 'ET.Netwire.HB.1' is checked but not set. Checked in 2018282 and 0 other sigs
30/3/2020 -- 12:53:26 - <Warning> - [ERRCODE: SC_WARN_FLOWBIT(306)] - flowbit 'ET.GenericPhish_Adobe' is checked but not set. Checked in 2023048 and 0 other sigs
30/3/2020 -- 12:53:26 - <Warning> - [ERRCODE: SC_WARN_FLOWBIT(306)] - flowbit 'BE.Radmin.Challenge' is checked but not set. Checked in 2003480 and 0 other sigs
30/3/2020 -- 12:53:39 - <Warning> - [ERRCODE: SC_ERR_SYSCALL(50)] - Failure when trying to set feature via ioctl for 'wlan0': Not supported (95)
30/3/2020 -- 12:53:39 - <Info> - Going to use 4 thread(s)
30/3/2020 -- 12:53:39 - <Notice> - all 4 packet processing threads, 4 management threads initialized, engine started.
30/3/2020 -- 12:53:39 - <Info> - All AFP capture threads are running.
30/3/2020 -- 12:59:14 - <Notice> - Signal Received.  Stopping engine.
30/3/2020 -- 12:59:14 - <Info> - time elapsed 335.191s
30/3/2020 -- 12:59:14 - <Info> - Alerts: 96
30/3/2020 -- 12:59:14 - <Info> - cleaning up signature grouping structure... complete
30/3/2020 -- 12:59:14 - <Notice> - Stats for 'wlan0':  pkts: 4043, drop: 0 (0.00%), invalid chksum: 0
30/3/2020 -- 12:59:14 - <Warning> - [ERRCODE: SC_ERR_SYSCALL(50)] - Failure when trying to set feature via ioctl for 'wlan0': Not supported (95)
30/3/2020 -- 12:59:20 - <Notice> - This is Suricata version 5.0.0 RELEASE running in SYSTEM mode
30/3/2020 -- 12:59:20 - <Info> - CPUs/cores online: 4
30/3/2020 -- 12:59:20 - <Info> - eve-log output device (regular) initialized: eve.json
30/3/2020 -- 12:59:20 - <Info> - Going to log the md5 sum of email body
30/3/2020 -- 12:59:20 - <Info> - Going to log the md5 sum of email subject
30/3/2020 -- 12:59:20 - <Info> - DNP3 log sub-module initialized.
30/3/2020 -- 12:59:20 - <Info> - DNP3 log sub-module initialized.
30/3/2020 -- 12:59:20 - <Info> - Rule with ID 2026440 is bidirectional, but source and destination are the same, treating the rule as unidirectional
30/3/2020 -- 12:59:21 - <Info> - 61 rule files processed. 26716 rules successfully loaded, 0 rules failed
30/3/2020 -- 12:59:21 - <Info> - Threshold config parsed: 0 rule(s) found
30/3/2020 -- 12:59:22 - <Info> - 26731 signatures processed. 1214 are IP-only rules, 7075 are inspecting packet payload, 18027 inspect application layer, 107 are decoder event only
30/3/2020 -- 12:59:22 - <Warning> - [ERRCODE: SC_WARN_FLOWBIT(306)] - flowbit 'ET.ButterflyJoin' is checked but not set. Checked in 2011296 and 0 other sigs
30/3/2020 -- 12:59:22 - <Warning> - [ERRCODE: SC_WARN_FLOWBIT(306)] - flowbit 'ET.Netwire.HB.1' is checked but not set. Checked in 2018282 and 0 other sigs
30/3/2020 -- 12:59:22 - <Warning> - [ERRCODE: SC_WARN_FLOWBIT(306)] - flowbit 'ET.GenericPhish_Adobe' is checked but not set. Checked in 2023048 and 0 other sigs
30/3/2020 -- 12:59:22 - <Warning> - [ERRCODE: SC_WARN_FLOWBIT(306)] - flowbit 'BE.Radmin.Challenge' is checked but not set. Checked in 2003480 and 0 other sigs
30/3/2020 -- 12:59:35 - <Warning> - [ERRCODE: SC_ERR_SYSCALL(50)] - Failure when trying to set feature via ioctl for 'wlan0': Not supported (95)
30/3/2020 -- 12:59:35 - <Info> - Going to use 4 thread(s)
30/3/2020 -- 12:59:35 - <Notice> - all 4 packet processing threads, 4 management threads initialized, engine started.
30/3/2020 -- 12:59:35 - <Info> - All AFP capture threads are running.
30/3/2020 -- 13:02:05 - <Notice> - Signal Received.  Stopping engine.
30/3/2020 -- 13:02:05 - <Info> - time elapsed 150.721s
30/3/2020 -- 13:02:05 - <Info> - Alerts: 22
30/3/2020 -- 13:02:06 - <Info> - cleaning up signature grouping structure... complete
30/3/2020 -- 13:02:06 - <Notice> - Stats for 'wlan0':  pkts: 2655, drop: 0 (0.00%), invalid chksum: 0
30/3/2020 -- 13:02:06 - <Warning> - [ERRCODE: SC_ERR_SYSCALL(50)] - Failure when trying to set feature via ioctl for 'wlan0': Not supported (95)
31/3/2020 -- 13:52:16 - <Notice> - This is Suricata version 5.0.0 RELEASE running in SYSTEM mode
31/3/2020 -- 13:52:16 - <Info> - CPUs/cores online: 4
31/3/2020 -- 13:52:16 - <Info> - eve-log output device (regular) initialized: eve.json
31/3/2020 -- 13:52:16 - <Info> - Going to log the md5 sum of email body
31/3/2020 -- 13:52:16 - <Info> - Going to log the md5 sum of email subject
31/3/2020 -- 13:52:16 - <Info> - DNP3 log sub-module initialized.
31/3/2020 -- 13:52:16 - <Info> - DNP3 log sub-module initialized.
31/3/2020 -- 13:52:17 - <Info> - Rule with ID 2026440 is bidirectional, but source and destination are the same, treating the rule as unidirectional
31/3/2020 -- 13:52:18 - <Info> - 61 rule files processed. 26716 rules successfully loaded, 0 rules failed
31/3/2020 -- 13:52:18 - <Info> - Threshold config parsed: 0 rule(s) found
31/3/2020 -- 13:52:18 - <Info> - 26731 signatures processed. 1214 are IP-only rules, 7075 are inspecting packet payload, 18027 inspect application layer, 107 are decoder event only
31/3/2020 -- 13:52:18 - <Warning> - [ERRCODE: SC_WARN_FLOWBIT(306)] - flowbit 'ET.ButterflyJoin' is checked but not set. Checked in 2011296 and 0 other sigs
31/3/2020 -- 13:52:18 - <Warning> - [ERRCODE: SC_WARN_FLOWBIT(306)] - flowbit 'ET.Netwire.HB.1' is checked but not set. Checked in 2018282 and 0 other sigs
31/3/2020 -- 13:52:18 - <Warning> - [ERRCODE: SC_WARN_FLOWBIT(306)] - flowbit 'ET.GenericPhish_Adobe' is checked but not set. Checked in 2023048 and 0 other sigs
31/3/2020 -- 13:52:18 - <Warning> - [ERRCODE: SC_WARN_FLOWBIT(306)] - flowbit 'BE.Radmin.Challenge' is checked but not set. Checked in 2003480 and 0 other sigs
31/3/2020 -- 13:52:28 - <Warning> - [ERRCODE: SC_ERR_SYSCALL(50)] - Failure when trying to set feature via ioctl for 'wlan0': Not supported (95)
31/3/2020 -- 13:52:28 - <Info> - Going to use 4 thread(s)
31/3/2020 -- 13:52:28 - <Notice> - all 4 packet processing threads, 4 management threads initialized, engine started.
31/3/2020 -- 13:52:29 - <Info> - All AFP capture threads are running.
31/3/2020 -- 14:08:03 - <Notice> - Signal Received.  Stopping engine.
31/3/2020 -- 14:08:03 - <Info> - time elapsed 934.788s
31/3/2020 -- 14:08:03 - <Info> - Alerts: 241
31/3/2020 -- 14:08:03 - <Info> - cleaning up signature grouping structure... complete
31/3/2020 -- 14:08:03 - <Notice> - Stats for 'wlan0':  pkts: 118017, drop: 0 (0.00%), invalid chksum: 0
31/3/2020 -- 14:08:03 - <Warning> - [ERRCODE: SC_ERR_SYSCALL(50)] - Failure when trying to set feature via ioctl for 'wlan0': Not supported (95)
